<?xml version="1.0" encoding="UTF-8"?>
<!-- Generated by org.testng.reporters.JUnitXMLReporter -->
<testsuite ignored="0" hostname="Keith-PC" failures="0" tests="7" name="UnitTests" time="0.025" errors="0" timestamp="21 Jul. 2021 17:08:02 GMT">
  <testcase classname="External.Exercise1Maven.Tests" name="csvImportTest" time="0.008"/>
  <testcase classname="External.Exercise1Maven.Tests" name="integerValidationTest" time="0.001"/>
  <testcase classname="External.Exercise1Maven.Tests" name="intentionalFailedTest" time="0.0"/>
  <testcase classname="External.Exercise1Maven.Tests" name="positiveIntegerValidationTest" time="0.0"/>
  <testcase classname="External.Exercise1Maven.Tests" name="stringValidationTest" time="0.0"/>
  <testcase classname="External.Exercise1Maven.Tests" name="t3ReturnTest" time="0.0"/>
  <testcase classname="External.Exercise1Maven.Tests" name="t3ReturnValidationTest" time="0.0"/>
</testsuite> <!-- UnitTests -->
