<?xml version="1.0" encoding="UTF-8"?>
<!-- Generated by org.testng.reporters.JUnitXMLReporter -->
<testsuite hostname="DESKTOP-JFUH5OG" ignored="1" name="TestNGMavenTests" tests="11" failures="0" timestamp="16 Jul 2021 17:43:56 GMT" time="0.296" errors="0">
  <testcase name="csvImportTest" time="0.006" classname="External.Exercise1Maven.FileOperationsTest"/>
  <testcase name="reportSubmissionTest" time="0.238" classname="External.Exercise1Maven.ReturnSubmissionViewTest"/>
  <testcase name="uiGenerationTest" time="0.014" classname="External.Exercise1Maven.ReturnSubmissionViewTest"/>
  <testcase name="t3ReturnTest" time="0.0" classname="External.Exercise1Maven.T3ReturnTest"/>
  <testcase name="integerValidationTest" time="0.0" classname="External.Exercise1Maven.ValidationsTest"/>
  <testcase name="positiveIntegerValidationTest" time="0.0" classname="External.Exercise1Maven.ValidationsTest"/>
  <testcase name="stringValidationTest" time="0.0" classname="External.Exercise1Maven.ValidationsTest"/>
  <testcase name="t3ReturnValidationTest" time="0.0" classname="External.Exercise1Maven.ValidationsTest"/>
  <testcase name="sampleDataRuntimeTest" time="0.0" classname="External.Exercise1Maven.RuntimeTest"/>
  <testcase name="sampleDataLargeRuntimeTest" time="0.001" classname="External.Exercise1Maven.RuntimeTest"/>
  <testcase name="sampleDataHugeRuntimeTest" time="0.0" classname="External.Exercise1Maven.RuntimeTest"/>
  <testcase name="intentionalFailedTest" time="0.0" classname="External.Exercise1Maven.MainTest">
    <ignored/>
  </testcase> <!-- intentionalFailedTest -->
</testsuite> <!-- TestNGMavenTests -->
