<?xml version="1.0" encoding="UTF-8"?>
<testsuite xmlns:xsi="http://www.w3.org/2001/XMLSchema-instance" xsi:noNamespaceSchemaLocation="https://maven.apache.org/surefire/maven-surefire-plugin/xsd/surefire-test-report.xsd" name="TestSuite" time="0.645" tests="8" errors="0" skipped="0" failures="0">
  <properties>
[...]
</properties>
  <testcase name="csvImportTest" classname="External.Exercise1Maven.Tests" time="0.01"/>
  <testcase name="integerValidationTest" classname="External.Exercise1Maven.Tests" time="0"/>
  <testcase name="intentionalFailedTest" classname="External.Exercise1Maven.Tests" time="0"/>
  <testcase name="positiveIntegerValidationTest" classname="External.Exercise1Maven.Tests" time="0"/>
  <testcase name="stringValidationTest" classname="External.Exercise1Maven.Tests" time="0"/>
  <testcase name="t3ReturnTest" classname="External.Exercise1Maven.Tests" time="0"/>
  <testcase name="t3ReturnValidationTest" classname="External.Exercise1Maven.Tests" time="0"/>
  <testcase name="processFiles" classname="External.Exercise1Maven.TimeComplexity" time="0.213"/>
</testsuite>