<?xml version="1.0" encoding="UTF-8"?>
<testsuite xmlns:xsi="http://www.w3.org/2001/XMLSchema-instance" xsi:noNamespaceSchemaLocation="https://maven.apache.org/surefire/maven-surefire-plugin/xsd/surefire-test-report.xsd" name="TestSuite" time="0.956" tests="11" errors="0" skipped="0" failures="0">
  <properties>
[...]
</properties>
  <testcase name="csvImportTest" classname="External.Exercise1Maven.FileOperationsTest" time="0.005"/>
  <testcase name="reportSubmissionTest" classname="External.Exercise1Maven.ReturnSubmissionViewTest" time="0.237"/>
  <testcase name="uiGenerationTest" classname="External.Exercise1Maven.ReturnSubmissionViewTest" time="0.015"/>
  <testcase name="t3ReturnTest" classname="External.Exercise1Maven.T3ReturnTest" time="0"/>
  <testcase name="integerValidationTest" classname="External.Exercise1Maven.ValidationsTest" time="0"/>
  <testcase name="positiveIntegerValidationTest" classname="External.Exercise1Maven.ValidationsTest" time="0.001"/>
  <testcase name="stringValidationTest" classname="External.Exercise1Maven.ValidationsTest" time="0"/>
  <testcase name="t3ReturnValidationTest" classname="External.Exercise1Maven.ValidationsTest" time="0"/>
  <testcase name="sampleDataRuntimeTest" classname="External.Exercise1Maven.RuntimeTest" time="0"/>
  <testcase name="sampleDataLargeRuntimeTest" classname="External.Exercise1Maven.RuntimeTest" time="0"/>
  <testcase name="sampleDataHugeRuntimeTest" classname="External.Exercise1Maven.RuntimeTest" time="0.001"/>
</testsuite>